yarn run v1.22.22
$ react-scripts build
(node:28504) [DEP0176] DeprecationWarning: fs.F_OK is deprecated, use fs.constants.F_OK instead
(Use `node --trace-deprecation ...` to show where the warning was created)
Creating an optimized production build...
Error: error:0308010C:digital envelope routines::unsupported
    at new Hash (node:internal/crypto/hash:103:19)
    at Object.createHash (node:crypto:145:10)
    at module.exports (C:\Users\NongTuan\Desktop\Github\TorrServer\web\node_modules\webpack\lib\util\createHash.js:135:53)
    at NormalModule._initBuildHash (C:\Users\NongTuan\Desktop\Github\TorrServer\web\node_modules\webpack\lib\NormalModule.js:417:16)
    at handleParseError (C:\Users\NongTuan\Desktop\Github\TorrServer\web\node_modules\webpack\lib\NormalModule.js:471:10)
    at C:\Users\NongTuan\Desktop\Github\TorrServer\web\node_modules\webpack\lib\NormalModule.js:503:5
    at C:\Users\NongTuan\Desktop\Github\TorrServer\web\node_modules\webpack\lib\NormalModule.js:358:12
    at C:\Users\NongTuan\Desktop\Github\TorrServer\web\node_modules\loader-runner\lib\LoaderRunner.js:373:3
    at iterateNormalLoaders (C:\Users\NongTuan\Desktop\Github\TorrServer\web\node_modules\loader-runner\lib\LoaderRunner.js:214:10)
    at iterateNormalLoaders (C:\Users\NongTuan\Desktop\Github\TorrServer\web\node_modules\loader-runner\lib\LoaderRunner.js:221:10)
    at C:\Users\NongTuan\Desktop\Github\TorrServer\web\node_modules\loader-runner\lib\LoaderRunner.js:236:3
    at runSyncOrAsync (C:\Users\NongTuan\Desktop\Github\TorrServer\web\node_modules\loader-runner\lib\LoaderRunner.js:130:11)
    at iterateNormalLoaders (C:\Users\NongTuan\Desktop\Github\TorrServer\web\node_modules\loader-runner\lib\LoaderRunner.js:232:2)
    at Array.<anonymous> (C:\Users\NongTuan\Desktop\Github\TorrServer\web\node_modules\loader-runner\lib\LoaderRunner.js:205:4)
    at Storage.finished (C:\Users\NongTuan\Desktop\Github\TorrServer\web\node_modules\enhanced-resolve\lib\CachedInputFileSystem.js:55:16)
    at C:\Users\NongTuan\Desktop\Github\TorrServer\web\node_modules\enhanced-resolve\lib\CachedInputFileSystem.js:91:9
C:\Users\NongTuan\Desktop\Github\TorrServer\web\node_modules\react-scripts\scripts\build.js:19
  throw err;
  ^

Error: error:0308010C:digital envelope routines::unsupported
    at new Hash (node:internal/crypto/hash:103:19)
    at Object.createHash (node:crypto:145:10)
    at module.exports (C:\Users\NongTuan\Desktop\Github\TorrServer\web\node_modules\webpack\lib\util\createHash.js:135:53)
    at NormalModule._initBuildHash (C:\Users\NongTuan\Desktop\Github\TorrServer\web\node_modules\webpack\lib\NormalModule.js:417:16)
    at C:\Users\NongTuan\Desktop\Github\TorrServer\web\node_modules\webpack\lib\NormalModule.js:452:10
    at C:\Users\NongTuan\Desktop\Github\TorrServer\web\node_modules\webpack\lib\NormalModule.js:323:13
    at C:\Users\NongTuan\Desktop\Github\TorrServer\web\node_modules\loader-runner\lib\LoaderRunner.js:367:11
    at C:\Users\NongTuan\Desktop\Github\TorrServer\web\node_modules\loader-runner\lib\LoaderRunner.js:233:18
    at context.callback (C:\Users\NongTuan\Desktop\Github\TorrServer\web\node_modules\loader-runner\lib\LoaderRunner.js:111:13)
    at C:\Users\NongTuan\Desktop\Github\TorrServer\web\node_modules\react-scripts\node_modules\babel-loader\lib\index.js:59:103 {
  opensslErrorStack: [
    'error:03000086:digital envelope routines::initialization error',
    'error:0308010C:digital envelope routines::unsupported'
  ],
  library: 'digital envelope routines',
  reason: 'unsupported',
  code: 'ERR_OSSL_EVP_UNSUPPORTED'
}

Node.js v24.11.1
error Command failed with exit code 1.
info Visit https://yarnpkg.com/en/docs/cli/run for documentation about this command.
